Linked: (/home/tttm/catkin_ws/devel/.private/beginner/share/gennodejs/ros/beginner/_index.js, /home/tttm/catkin_ws/devel/share/gennodejs/ros/beginner/_index.js)
Linked: (/home/tttm/catkin_ws/devel/.private/beginner/share/gennodejs/ros/beginner/msg/_index.js, /home/tttm/catkin_ws/devel/share/gennodejs/ros/beginner/msg/_index.js)
Linked: (/home/tttm/catkin_ws/devel/.private/beginner/share/gennodejs/ros/beginner/msg/test.js, /home/tttm/catkin_ws/devel/share/gennodejs/ros/beginner/msg/test.js)
Linked: (/home/tttm/catkin_ws/devel/.private/beginner/share/gennodejs/ros/beginner/msg/Num.js, /home/tttm/catkin_ws/devel/share/gennodejs/ros/beginner/msg/Num.js)
Linked: (/home/tttm/catkin_ws/devel/.private/beginner/share/gennodejs/ros/beginner/srv/_index.js, /home/tttm/catkin_ws/devel/share/gennodejs/ros/beginner/srv/_index.js)
Linked: (/home/tttm/catkin_ws/devel/.private/beginner/share/gennodejs/ros/beginner/srv/AddTwoInts.js, /home/tttm/catkin_ws/devel/share/gennodejs/ros/beginner/srv/AddTwoInts.js)
Linked: (/home/tttm/catkin_ws/devel/.private/beginner/share/beginner/cmake/beginner-msg-paths.cmake, /home/tttm/catkin_ws/devel/share/beginner/cmake/beginner-msg-paths.cmake)
Linked: (/home/tttm/catkin_ws/devel/.private/beginner/share/beginner/cmake/beginnerConfig-version.cmake, /home/tttm/catkin_ws/devel/share/beginner/cmake/beginnerConfig-version.cmake)
Linked: (/home/tttm/catkin_ws/devel/.private/beginner/share/beginner/cmake/beginner-msg-extras.cmake, /home/tttm/catkin_ws/devel/share/beginner/cmake/beginner-msg-extras.cmake)
Linked: (/home/tttm/catkin_ws/devel/.private/beginner/share/beginner/cmake/beginnerConfig.cmake, /home/tttm/catkin_ws/devel/share/beginner/cmake/beginnerConfig.cmake)
Linked: (/home/tttm/catkin_ws/devel/.private/beginner/share/roseus/ros/beginner/manifest.l, /home/tttm/catkin_ws/devel/share/roseus/ros/beginner/manifest.l)
Linked: (/home/tttm/catkin_ws/devel/.private/beginner/share/roseus/ros/beginner/msg/test.l, /home/tttm/catkin_ws/devel/share/roseus/ros/beginner/msg/test.l)
Linked: (/home/tttm/catkin_ws/devel/.private/beginner/share/roseus/ros/beginner/msg/Num.l, /home/tttm/catkin_ws/devel/share/roseus/ros/beginner/msg/Num.l)
Linked: (/home/tttm/catkin_ws/devel/.private/beginner/share/roseus/ros/beginner/srv/AddTwoInts.l, /home/tttm/catkin_ws/devel/share/roseus/ros/beginner/srv/AddTwoInts.l)
Linked: (/home/tttm/catkin_ws/devel/.private/beginner/share/common-lisp/ros/beginner/msg/beginner-msg.asd, /home/tttm/catkin_ws/devel/share/common-lisp/ros/beginner/msg/beginner-msg.asd)
Linked: (/home/tttm/catkin_ws/devel/.private/beginner/share/common-lisp/ros/beginner/msg/_package_test.lisp, /home/tttm/catkin_ws/devel/share/common-lisp/ros/beginner/msg/_package_test.lisp)
Linked: (/home/tttm/catkin_ws/devel/.private/beginner/share/common-lisp/ros/beginner/msg/_package_Num.lisp, /home/tttm/catkin_ws/devel/share/common-lisp/ros/beginner/msg/_package_Num.lisp)
Linked: (/home/tttm/catkin_ws/devel/.private/beginner/share/common-lisp/ros/beginner/msg/test.lisp, /home/tttm/catkin_ws/devel/share/common-lisp/ros/beginner/msg/test.lisp)
Linked: (/home/tttm/catkin_ws/devel/.private/beginner/share/common-lisp/ros/beginner/msg/Num.lisp, /home/tttm/catkin_ws/devel/share/common-lisp/ros/beginner/msg/Num.lisp)
Linked: (/home/tttm/catkin_ws/devel/.private/beginner/share/common-lisp/ros/beginner/msg/_package.lisp, /home/tttm/catkin_ws/devel/share/common-lisp/ros/beginner/msg/_package.lisp)
Linked: (/home/tttm/catkin_ws/devel/.private/beginner/share/common-lisp/ros/beginner/srv/_package_AddTwoInts.lisp, /home/tttm/catkin_ws/devel/share/common-lisp/ros/beginner/srv/_package_AddTwoInts.lisp)
Linked: (/home/tttm/catkin_ws/devel/.private/beginner/share/common-lisp/ros/beginner/srv/_package.lisp, /home/tttm/catkin_ws/devel/share/common-lisp/ros/beginner/srv/_package.lisp)
Linked: (/home/tttm/catkin_ws/devel/.private/beginner/share/common-lisp/ros/beginner/srv/AddTwoInts.lisp, /home/tttm/catkin_ws/devel/share/common-lisp/ros/beginner/srv/AddTwoInts.lisp)
Linked: (/home/tttm/catkin_ws/devel/.private/beginner/share/common-lisp/ros/beginner/srv/beginner-srv.asd, /home/tttm/catkin_ws/devel/share/common-lisp/ros/beginner/srv/beginner-srv.asd)
Linked: (/home/tttm/catkin_ws/devel/.private/beginner/include/beginner/Num.h, /home/tttm/catkin_ws/devel/include/beginner/Num.h)
Linked: (/home/tttm/catkin_ws/devel/.private/beginner/include/beginner/AddTwoIntsResponse.h, /home/tttm/catkin_ws/devel/include/beginner/AddTwoIntsResponse.h)
Linked: (/home/tttm/catkin_ws/devel/.private/beginner/include/beginner/test.h, /home/tttm/catkin_ws/devel/include/beginner/test.h)
Linked: (/home/tttm/catkin_ws/devel/.private/beginner/include/beginner/AddTwoInts.h, /home/tttm/catkin_ws/devel/include/beginner/AddTwoInts.h)
Linked: (/home/tttm/catkin_ws/devel/.private/beginner/include/beginner/AddTwoIntsRequest.h, /home/tttm/catkin_ws/devel/include/beginner/AddTwoIntsRequest.h)
Linked: (/home/tttm/catkin_ws/devel/.private/beginner/lib/pkgconfig/beginner.pc, /home/tttm/catkin_ws/devel/lib/pkgconfig/beginner.pc)
Linked: (/home/tttm/catkin_ws/devel/.private/beginner/lib/beginner/listener, /home/tttm/catkin_ws/devel/lib/beginner/listener)
Linked: (/home/tttm/catkin_ws/devel/.private/beginner/lib/beginner/talker, /home/tttm/catkin_ws/devel/lib/beginner/talker)
Linked: (/home/tttm/catkin_ws/devel/.private/beginner/lib/python3/dist-packages/beginner/__init__.py, /home/tttm/catkin_ws/devel/lib/python3/dist-packages/beginner/__init__.py)
Linked: (/home/tttm/catkin_ws/devel/.private/beginner/lib/python3/dist-packages/beginner/msg/_test.py, /home/tttm/catkin_ws/devel/lib/python3/dist-packages/beginner/msg/_test.py)
Linked: (/home/tttm/catkin_ws/devel/.private/beginner/lib/python3/dist-packages/beginner/msg/_Num.py, /home/tttm/catkin_ws/devel/lib/python3/dist-packages/beginner/msg/_Num.py)
Linked: (/home/tttm/catkin_ws/devel/.private/beginner/lib/python3/dist-packages/beginner/msg/__init__.py, /home/tttm/catkin_ws/devel/lib/python3/dist-packages/beginner/msg/__init__.py)
Linked: (/home/tttm/catkin_ws/devel/.private/beginner/lib/python3/dist-packages/beginner/srv/_AddTwoInts.py, /home/tttm/catkin_ws/devel/lib/python3/dist-packages/beginner/srv/_AddTwoInts.py)
Linked: (/home/tttm/catkin_ws/devel/.private/beginner/lib/python3/dist-packages/beginner/srv/__init__.py, /home/tttm/catkin_ws/devel/lib/python3/dist-packages/beginner/srv/__init__.py)
